#-----------------------------------------------------------
# Vivado v2018.3 (64-bit)
# SW Build 2405991 on Thu Dec  6 23:38:27 MST 2018
# IP Build 2404404 on Fri Dec  7 01:43:56 MST 2018
# Start of session at: Thu Jun 18 22:13:33 2026
# Process ID: 13900
# Current directory: C:/Users/tomas/Desktop/nwd_acc
# Command line: vivado.exe -gui_launcher_event rodinguilauncherevent13520 C:\Users\tomas\Desktop\nwd_acc\nwd_acc.xpr
# Log file: C:/Users/tomas/Desktop/nwd_acc/vivado.log
# Journal file: C:/Users/tomas/Desktop/nwd_acc\vivado.jou
#-----------------------------------------------------------
start_gui
open_project C:/Users/tomas/Desktop/nwd_acc/nwd_acc.xpr
Scanning sources...
Finished scanning sources
INFO: [IP_Flow 19-234] Refreshing IP repositories
INFO: [IP_Flow 19-1700] Loaded user IP repository 'c:/Users/tomas/Desktop/ip_repo/nwd_acc_ip_1.0'.
INFO: [IP_Flow 19-2313] Loaded Vivado IP repository 'C:/Xilinx/Vivado/2018.3/data/ip'.
open_project: Time (s): cpu = 00:00:22 ; elapsed = 00:00:15 . Memory (MB): peak = 820.164 ; gain = 213.402
update_compile_order -fileset sources_1
open_bd_design {C:/Users/tomas/Desktop/nwd_acc/nwd_acc.srcs/sources_1/bd/nwd_acc_design/nwd_acc_design.bd}
Adding cell -- xilinx.com:ip:processing_system7:5.5 - processing_system7_0
Adding cell -- xilinx.com:ip:axi_interconnect:2.1 - ps7_0_axi_periph
Adding cell -- xilinx.com:ip:axi_protocol_converter:2.1 - auto_pc
Adding cell -- xilinx.com:ip:proc_sys_reset:5.0 - rst_ps7_0_100M
Adding cell -- xilinx.com:user:nwd_acc_ip:1.0 - nwd_acc_ip_0
Successfully read diagram <nwd_acc_design> from BD file <C:/Users/tomas/Desktop/nwd_acc/nwd_acc.srcs/sources_1/bd/nwd_acc_design/nwd_acc_design.bd>
open_bd_design: Time (s): cpu = 00:00:11 ; elapsed = 00:00:12 . Memory (MB): peak = 977.441 ; gain = 31.066
ipx::edit_ip_in_project -upgrade true -name nwd_acc_ip_v1_0_project -directory C:/Users/tomas/Desktop/nwd_acc/nwd_acc.tmp/nwd_acc_ip_v1_0_project c:/Users/tomas/Desktop/ip_repo/nwd_acc_ip_1.0/component.xml
INFO: [IP_Flow 19-234] Refreshing IP repositories
INFO: [IP_Flow 19-1704] No user IP repositories specified
INFO: [IP_Flow 19-2313] Loaded Vivado IP repository 'C:/Xilinx/Vivado/2018.3/data/ip'.
create_project: Time (s): cpu = 00:00:15 ; elapsed = 00:00:13 . Memory (MB): peak = 977.441 ; gain = 0.000
INFO: [IP_Flow 19-234] Refreshing IP repositories
INFO: [IP_Flow 19-1700] Loaded user IP repository 'c:/Users/tomas/Desktop/ip_repo/nwd_acc_ip_1.0'.
INFO: [IP_Flow 19-795] Syncing license key meta-data
WARNING: [filemgmt 56-99] Vivado Synthesis ignores library specification for Verilog or SystemVerilog files. [c:/Users/tomas/Desktop/ip_repo/nwd_acc_ip_1.0/hdl/nwd_acc_ip_v1_0_S00_AXI.v:]
WARNING: [filemgmt 56-99] Vivado Synthesis ignores library specification for Verilog or SystemVerilog files. [c:/Users/tomas/Desktop/ip_repo/nwd_acc_ip_1.0/src/Odejmowanie.sv:]
WARNING: [filemgmt 56-99] Vivado Synthesis ignores library specification for Verilog or SystemVerilog files. [c:/Users/tomas/Desktop/ip_repo/nwd_acc_ip_1.0/src/parallel.sv:]
WARNING: [filemgmt 56-99] Vivado Synthesis ignores library specification for Verilog or SystemVerilog files. [c:/Users/tomas/Desktop/ip_repo/nwd_acc_ip_1.0/hdl/nwd_acc_ip_v1_0.v:]
ipx::edit_ip_in_project: Time (s): cpu = 00:00:23 ; elapsed = 00:00:17 . Memory (MB): peak = 977.441 ; gain = 0.000
update_compile_order -fileset sources_1
ipx::merge_project_changes files [ipx::current_core]
WARNING: [IP_Flow 19-5226] Project source file 'c:/Users/tomas/Desktop/ip_repo/nwd_acc_ip_1.0/component.xml' ignored by IP packager.
ipx::merge_project_changes hdl_parameters [ipx::current_core]
WARNING: [IP_Flow 19-5226] Project source file 'c:/Users/tomas/Desktop/ip_repo/nwd_acc_ip_1.0/component.xml' ignored by IP packager.
INFO: [IP_Flow 19-5169] Module 'nwd_acc_ip_v1_0' uses SystemVerilog sources with a Verilog top file. These SystemVerilog files will not be analysed by the packager.
INFO: [IP_Flow 19-3166] Bus Interface 'S00_AXI': References existing memory map 'S00_AXI'.
ipx::update_checksums [ipx::current_core]
ipx::save_core [ipx::current_core]
set_property core_revision 4 [ipx::current_core]
ipx::update_source_project_archive -component [ipx::current_core]
ipx::create_xgui_files [ipx::current_core]
ipx::update_checksums [ipx::current_core]
ipx::save_core [ipx::current_core]
current_project nwd_acc
update_ip_catalog -rebuild -scan_changes
INFO: [IP_Flow 19-234] Refreshing IP repositories
INFO: [IP_Flow 19-1700] Loaded user IP repository 'c:/Users/tomas/Desktop/ip_repo/nwd_acc_ip_1.0'.
report_ip_status -name ip_status
current_project nwd_acc_ip_v1_0_project
current_project nwd_acc
upgrade_ip -vlnv xilinx.com:user:nwd_acc_ip:1.0 [get_ips  nwd_acc_design_nwd_acc_ip_0_0] -log ip_upgrade.log
Upgrading 'C:/Users/tomas/Desktop/nwd_acc/nwd_acc.srcs/sources_1/bd/nwd_acc_design/nwd_acc_design.bd'
INFO: [IP_Flow 19-3422] Upgraded nwd_acc_design_nwd_acc_ip_0_0 (nwd_acc_ip_v1.0 1.0) from revision 3 to revision 4
Wrote  : <C:\Users\tomas\Desktop\nwd_acc\nwd_acc.srcs\sources_1\bd\nwd_acc_design\nwd_acc_design.bd> 
INFO: [Coretcl 2-1525] Wrote upgrade log to 'C:/Users/tomas/Desktop/nwd_acc/ip_upgrade.log'.
export_ip_user_files -of_objects [get_ips nwd_acc_design_nwd_acc_ip_0_0] -no_script -sync -force -quiet
report_ip_status -name ip_status 
reset_run synth_1
launch_runs impl_1 -to_step write_bitstream -jobs 2
Wrote  : <C:\Users\tomas\Desktop\nwd_acc\nwd_acc.srcs\sources_1\bd\nwd_acc_design\nwd_acc_design.bd> 
VHDL Output written to : C:/Users/tomas/Desktop/nwd_acc/nwd_acc.srcs/sources_1/bd/nwd_acc_design/synth/nwd_acc_design.v
VHDL Output written to : C:/Users/tomas/Desktop/nwd_acc/nwd_acc.srcs/sources_1/bd/nwd_acc_design/sim/nwd_acc_design.v
VHDL Output written to : C:/Users/tomas/Desktop/nwd_acc/nwd_acc.srcs/sources_1/bd/nwd_acc_design/hdl/nwd_acc_design_wrapper.v
INFO: [BD 41-1029] Generation completed for the IP Integrator block processing_system7_0 .
INFO: [BD 41-1029] Generation completed for the IP Integrator block nwd_acc_ip_0 .
INFO: [BD 41-1029] Generation completed for the IP Integrator block rst_ps7_0_100M .
WARNING: [IP_Flow 19-4994] Overwriting existing constraint file 'c:/Users/tomas/Desktop/nwd_acc/nwd_acc.srcs/sources_1/bd/nwd_acc_design/ip/nwd_acc_design_auto_pc_0/nwd_acc_design_auto_pc_0_ooc.xdc'
INFO: [BD 41-1029] Generation completed for the IP Integrator block ps7_0_axi_periph/s00_couplers/auto_pc .
Exporting to file C:/Users/tomas/Desktop/nwd_acc/nwd_acc.srcs/sources_1/bd/nwd_acc_design/hw_handoff/nwd_acc_design.hwh
Generated Block Design Tcl file C:/Users/tomas/Desktop/nwd_acc/nwd_acc.srcs/sources_1/bd/nwd_acc_design/hw_handoff/nwd_acc_design_bd.tcl
Generated Hardware Definition File C:/Users/tomas/Desktop/nwd_acc/nwd_acc.srcs/sources_1/bd/nwd_acc_design/synth/nwd_acc_design.hwdef
INFO: [IP_Flow 19-4993] Using cached IP synthesis design for IP nwd_acc_design_auto_pc_0, cache-ID = 22f0a1f786bc0cb6; cache size = 2.731 MB.
[Thu Jun 18 22:18:50 2026] Launched nwd_acc_design_nwd_acc_ip_0_0_synth_1, synth_1...
Run output will be captured here:
nwd_acc_design_nwd_acc_ip_0_0_synth_1: C:/Users/tomas/Desktop/nwd_acc/nwd_acc.runs/nwd_acc_design_nwd_acc_ip_0_0_synth_1/runme.log
synth_1: C:/Users/tomas/Desktop/nwd_acc/nwd_acc.runs/synth_1/runme.log
[Thu Jun 18 22:18:50 2026] Launched impl_1...
Run output will be captured here: C:/Users/tomas/Desktop/nwd_acc/nwd_acc.runs/impl_1/runme.log
launch_runs: Time (s): cpu = 00:00:09 ; elapsed = 00:00:12 . Memory (MB): peak = 1208.648 ; gain = 93.922
file copy -force C:/Users/tomas/Desktop/nwd_acc/nwd_acc.runs/impl_1/nwd_acc_design_wrapper.sysdef C:/Users/tomas/Desktop/nwd_acc/nwd_acc.sdk/nwd_acc_design_wrapper.hdf

launch_sdk -workspace C:/Users/tomas/Desktop/nwd_acc/nwd_acc.sdk -hwspec C:/Users/tomas/Desktop/nwd_acc/nwd_acc.sdk/nwd_acc_design_wrapper.hdf
INFO: [Vivado 12-393] Launching SDK...
INFO: [Vivado 12-417] Running xsdk -workspace C:/Users/tomas/Desktop/nwd_acc/nwd_acc.sdk -hwspec C:/Users/tomas/Desktop/nwd_acc/nwd_acc.sdk/nwd_acc_design_wrapper.hdf
INFO: [Vivado 12-3157] SDK launch initiated. Please check console for any further messages.
close_project
exit
INFO: [Common 17-206] Exiting Vivado at Thu Jun 18 22:39:03 2026...
