
*** Running vivado
    with args -log nwd_acc_design_nwd_acc_ip_0_0.vds -m64 -product Vivado -mode batch -messageDb vivado.pb -notrace -source nwd_acc_design_nwd_acc_ip_0_0.tcl


****** Vivado v2018.3 (64-bit)
  **** SW Build 2405991 on Thu Dec  6 23:38:27 MST 2018
  **** IP Build 2404404 on Fri Dec  7 01:43:56 MST 2018
    ** Copyright 1986-2018 Xilinx, Inc. All Rights Reserved.

source nwd_acc_design_nwd_acc_ip_0_0.tcl -notrace
INFO: [IP_Flow 19-234] Refreshing IP repositories
INFO: [IP_Flow 19-1700] Loaded user IP repository 'c:/Users/tomas/Desktop/ip_repo/nwd_acc_ip_1.0'.
INFO: [IP_Flow 19-2313] Loaded Vivado IP repository 'C:/Xilinx/Vivado/2018.3/data/ip'.
update_ip_catalog: Time (s): cpu = 00:00:03 ; elapsed = 00:00:06 . Memory (MB): peak = 350.102 ; gain = 31.531
Command: synth_design -top nwd_acc_design_nwd_acc_ip_0_0 -part xc7z020clg484-1 -mode out_of_context
Starting synth_design
Attempting to get a license for feature 'Synthesis' and/or device 'xc7z020'
INFO: [Common 17-349] Got license for feature 'Synthesis' and/or device 'xc7z020'
INFO: Launching helper process for spawning children vivado processes
INFO: Helper process launched with PID 2452 
---------------------------------------------------------------------------------
Starting RTL Elaboration : Time (s): cpu = 00:00:05 ; elapsed = 00:00:10 . Memory (MB): peak = 468.160 ; gain = 96.309
---------------------------------------------------------------------------------
INFO: [Synth 8-6157] synthesizing module 'nwd_acc_design_nwd_acc_ip_0_0' [c:/Users/tomas/Desktop/nwd_acc/nwd_acc.srcs/sources_1/bd/nwd_acc_design/ip/nwd_acc_design_nwd_acc_ip_0_0/synth/nwd_acc_design_nwd_acc_ip_0_0.v:57]
INFO: [Synth 8-6157] synthesizing module 'nwd_acc_ip_v1_0' [c:/Users/tomas/Desktop/nwd_acc/nwd_acc.srcs/sources_1/bd/nwd_acc_design/ipshared/d7a8/hdl/nwd_acc_ip_v1_0.v:4]
	Parameter C_S00_AXI_DATA_WIDTH bound to: 32 - type: integer 
	Parameter C_S00_AXI_ADDR_WIDTH bound to: 6 - type: integer 
INFO: [Synth 8-6157] synthesizing module 'nwd_acc_ip_v1_0_S00_AXI' [c:/Users/tomas/Desktop/nwd_acc/nwd_acc.srcs/sources_1/bd/nwd_acc_design/ipshared/d7a8/hdl/nwd_acc_ip_v1_0_S00_AXI.v:1]
	Parameter C_S_AXI_DATA_WIDTH bound to: 32 - type: integer 
	Parameter C_S_AXI_ADDR_WIDTH bound to: 6 - type: integer 
	Parameter ADDR_LSB bound to: 2 - type: integer 
	Parameter OPT_MEM_ADDR_BITS bound to: 3 - type: integer 
INFO: [Synth 8-6157] synthesizing module 'parallel_nwd' [c:/Users/tomas/Desktop/nwd_acc/nwd_acc.srcs/sources_1/bd/nwd_acc_design/ipshared/d7a8/src/parallel.sv:3]
	Parameter NUM_UNITS bound to: 32'sb00000000000000000000000000000100 
INFO: [Synth 8-6157] synthesizing module 'odejmowanie' [c:/Users/tomas/Desktop/nwd_acc/nwd_acc.srcs/sources_1/bd/nwd_acc_design/ipshared/d7a8/src/Odejmowanie.sv:1]
INFO: [Synth 8-6155] done synthesizing module 'odejmowanie' (1#1) [c:/Users/tomas/Desktop/nwd_acc/nwd_acc.srcs/sources_1/bd/nwd_acc_design/ipshared/d7a8/src/Odejmowanie.sv:1]
INFO: [Synth 8-6155] done synthesizing module 'parallel_nwd' (2#1) [c:/Users/tomas/Desktop/nwd_acc/nwd_acc.srcs/sources_1/bd/nwd_acc_design/ipshared/d7a8/src/parallel.sv:3]
INFO: [Synth 8-6155] done synthesizing module 'nwd_acc_ip_v1_0_S00_AXI' (3#1) [c:/Users/tomas/Desktop/nwd_acc/nwd_acc.srcs/sources_1/bd/nwd_acc_design/ipshared/d7a8/hdl/nwd_acc_ip_v1_0_S00_AXI.v:1]
INFO: [Synth 8-6155] done synthesizing module 'nwd_acc_ip_v1_0' (4#1) [c:/Users/tomas/Desktop/nwd_acc/nwd_acc.srcs/sources_1/bd/nwd_acc_design/ipshared/d7a8/hdl/nwd_acc_ip_v1_0.v:4]
INFO: [Synth 8-6155] done synthesizing module 'nwd_acc_design_nwd_acc_ip_0_0' (5#1) [c:/Users/tomas/Desktop/nwd_acc/nwd_acc.srcs/sources_1/bd/nwd_acc_design/ip/nwd_acc_design_nwd_acc_ip_0_0/synth/nwd_acc_design_nwd_acc_ip_0_0.v:57]
WARNING: [Synth 8-3331] design nwd_acc_ip_v1_0_S00_AXI has unconnected port S_AXI_AWPROT[2]
WARNING: [Synth 8-3331] design nwd_acc_ip_v1_0_S00_AXI has unconnected port S_AXI_AWPROT[1]
WARNING: [Synth 8-3331] design nwd_acc_ip_v1_0_S00_AXI has unconnected port S_AXI_AWPROT[0]
WARNING: [Synth 8-3331] design nwd_acc_ip_v1_0_S00_AXI has unconnected port S_AXI_ARPROT[2]
WARNING: [Synth 8-3331] design nwd_acc_ip_v1_0_S00_AXI has unconnected port S_AXI_ARPROT[1]
WARNING: [Synth 8-3331] design nwd_acc_ip_v1_0_S00_AXI has unconnected port S_AXI_ARPROT[0]
---------------------------------------------------------------------------------
Finished RTL Elaboration : Time (s): cpu = 00:00:06 ; elapsed = 00:00:12 . Memory (MB): peak = 523.820 ; gain = 151.969
---------------------------------------------------------------------------------

Report Check Netlist: 
+------+------------------+-------+---------+-------+------------------+
|      |Item              |Errors |Warnings |Status |Description       |
+------+------------------+-------+---------+-------+------------------+
|1     |multi_driven_nets |      0|        0|Passed |Multi driven nets |
+------+------------------+-------+---------+-------+------------------+
---------------------------------------------------------------------------------
Start Handling Custom Attributes
---------------------------------------------------------------------------------
---------------------------------------------------------------------------------
Finished Handling Custom Attributes : Time (s): cpu = 00:00:06 ; elapsed = 00:00:13 . Memory (MB): peak = 523.820 ; gain = 151.969
---------------------------------------------------------------------------------
---------------------------------------------------------------------------------
Finished RTL Optimization Phase 1 : Time (s): cpu = 00:00:06 ; elapsed = 00:00:13 . Memory (MB): peak = 523.820 ; gain = 151.969
---------------------------------------------------------------------------------
INFO: [Device 21-403] Loading part xc7z020clg484-1
INFO: [Project 1-570] Preparing netlist for logic optimization

Processing XDC Constraints
Initializing timing engine
Completed Processing XDC Constraints

Netlist sorting complete. Time (s): cpu = 00:00:00 ; elapsed = 00:00:00.001 . Memory (MB): peak = 871.902 ; gain = 0.000
INFO: [Project 1-111] Unisim Transformation Summary:
No Unisim elements were transformed.

Netlist sorting complete. Time (s): cpu = 00:00:00 ; elapsed = 00:00:00 . Memory (MB): peak = 871.902 ; gain = 0.000
WARNING: [Constraints 18-5210] No constraints selected for write.
Resolution: This message can indicate that there are no constraints for the design, or it can indicate that the used_in flags are set such that the constraints are ignored. This later case is used when running synth_design to not write synthesis constraints to the resulting checkpoint. Instead, project constraints are read when the synthesized design is opened.
Constraint Validation Runtime : Time (s): cpu = 00:00:00 ; elapsed = 00:00:00.108 . Memory (MB): peak = 875.117 ; gain = 3.215
---------------------------------------------------------------------------------
Finished Constraint Validation : Time (s): cpu = 00:00:13 ; elapsed = 00:00:29 . Memory (MB): peak = 875.117 ; gain = 503.266
---------------------------------------------------------------------------------
---------------------------------------------------------------------------------
Start Loading Part and Timing Information
---------------------------------------------------------------------------------
Loading part: xc7z020clg484-1
---------------------------------------------------------------------------------
Finished Loading Part and Timing Information : Time (s): cpu = 00:00:13 ; elapsed = 00:00:29 . Memory (MB): peak = 875.117 ; gain = 503.266
---------------------------------------------------------------------------------
---------------------------------------------------------------------------------
Start Applying 'set_property' XDC Constraints
---------------------------------------------------------------------------------
---------------------------------------------------------------------------------
Finished applying 'set_property' XDC Constraints : Time (s): cpu = 00:00:13 ; elapsed = 00:00:29 . Memory (MB): peak = 875.117 ; gain = 503.266
---------------------------------------------------------------------------------
INFO: [Synth 8-802] inferred FSM for state register 'state_reg' in module 'odejmowanie'
INFO: [Synth 8-5545] ROM "ready" won't be mapped to RAM because address size (32) is larger than maximum supported(25)
---------------------------------------------------------------------------------------------------
                   State |                     New Encoding |                Previous Encoding 
---------------------------------------------------------------------------------------------------
                   START |                               00 | 00000000000000000000000000000000
                 COMPUTE |                               01 | 00000000000000000000000000000001
                    DONE |                               10 | 00000000000000000000000000000010
---------------------------------------------------------------------------------------------------
INFO: [Synth 8-3354] encoded FSM with state register 'state_reg' using encoding 'sequential' in module 'odejmowanie'
---------------------------------------------------------------------------------
Finished RTL Optimization Phase 2 : Time (s): cpu = 00:00:13 ; elapsed = 00:00:29 . Memory (MB): peak = 875.117 ; gain = 503.266
---------------------------------------------------------------------------------

Report RTL Partitions: 
+-+--------------+------------+----------+
| |RTL Partition |Replication |Instances |
+-+--------------+------------+----------+
+-+--------------+------------+----------+
---------------------------------------------------------------------------------
Start RTL Component Statistics 
---------------------------------------------------------------------------------
Detailed RTL Component Info : 
+---Adders : 
	   3 Input     24 Bit       Adders := 8     
+---Registers : 
	               32 Bit    Registers := 10    
	               24 Bit    Registers := 8     
	                6 Bit    Registers := 2     
	                2 Bit    Registers := 2     
	                1 Bit    Registers := 10    
+---Muxes : 
	   2 Input     32 Bit        Muxes := 9     
	  10 Input     32 Bit        Muxes := 9     
	   3 Input     24 Bit        Muxes := 8     
	   3 Input      2 Bit        Muxes := 4     
	   2 Input      2 Bit        Muxes := 4     
	   3 Input      1 Bit        Muxes := 20    
	   2 Input      1 Bit        Muxes := 5     
---------------------------------------------------------------------------------
Finished RTL Component Statistics 
---------------------------------------------------------------------------------
---------------------------------------------------------------------------------
Start RTL Hierarchical Component Statistics 
---------------------------------------------------------------------------------
Hierarchical RTL Component report 
Module odejmowanie 
Detailed RTL Component Info : 
+---Adders : 
	   3 Input     24 Bit       Adders := 2     
+---Registers : 
	               24 Bit    Registers := 2     
	                1 Bit    Registers := 1     
+---Muxes : 
	   3 Input     24 Bit        Muxes := 2     
	   3 Input      2 Bit        Muxes := 1     
	   2 Input      2 Bit        Muxes := 1     
	   3 Input      1 Bit        Muxes := 5     
Module nwd_acc_ip_v1_0_S00_AXI 
Detailed RTL Component Info : 
+---Registers : 
	               32 Bit    Registers := 10    
	                6 Bit    Registers := 2     
	                2 Bit    Registers := 2     
	                1 Bit    Registers := 6     
+---Muxes : 
	   2 Input     32 Bit        Muxes := 9     
	  10 Input     32 Bit        Muxes := 9     
	   2 Input      1 Bit        Muxes := 5     
---------------------------------------------------------------------------------
Finished RTL Hierarchical Component Statistics
---------------------------------------------------------------------------------
---------------------------------------------------------------------------------
Start Part Resource Summary
---------------------------------------------------------------------------------
Part Resources:
DSPs: 220 (col length:60)
BRAMs: 280 (col length: RAMB18 60 RAMB36 30)
---------------------------------------------------------------------------------
Finished Part Resource Summary
---------------------------------------------------------------------------------
---------------------------------------------------------------------------------
Start Cross Boundary and Area Optimization
---------------------------------------------------------------------------------
Warning: Parallel synthesis criteria is not met 
WARNING: [Synth 8-3331] design nwd_acc_ip_v1_0_S00_AXI has unconnected port S_AXI_AWPROT[2]
WARNING: [Synth 8-3331] design nwd_acc_ip_v1_0_S00_AXI has unconnected port S_AXI_AWPROT[1]
WARNING: [Synth 8-3331] design nwd_acc_ip_v1_0_S00_AXI has unconnected port S_AXI_AWPROT[0]
WARNING: [Synth 8-3331] design nwd_acc_ip_v1_0_S00_AXI has unconnected port S_AXI_ARPROT[2]
WARNING: [Synth 8-3331] design nwd_acc_ip_v1_0_S00_AXI has unconnected port S_AXI_ARPROT[1]
WARNING: [Synth 8-3331] design nwd_acc_ip_v1_0_S00_AXI has unconnected port S_AXI_ARPROT[0]
INFO: [Synth 8-3886] merging instance 'inst/nwd_acc_ip_v1_0_S00_AXI_inst/axi_rresp_reg[0]' (FDRE) to 'inst/nwd_acc_ip_v1_0_S00_AXI_inst/axi_rresp_reg[1]'
INFO: [Synth 8-3333] propagating constant 0 across sequential element (\inst/nwd_acc_ip_v1_0_S00_AXI_inst/axi_rresp_reg[1] )
INFO: [Synth 8-3886] merging instance 'inst/nwd_acc_ip_v1_0_S00_AXI_inst/axi_bresp_reg[0]' (FDRE) to 'inst/nwd_acc_ip_v1_0_S00_AXI_inst/axi_bresp_reg[1]'
INFO: [Synth 8-3333] propagating constant 0 across sequential element (\inst/nwd_acc_ip_v1_0_S00_AXI_inst/axi_bresp_reg[1] )
---------------------------------------------------------------------------------
Finished Cross Boundary and Area Optimization : Time (s): cpu = 00:00:16 ; elapsed = 00:00:35 . Memory (MB): peak = 875.117 ; gain = 503.266
---------------------------------------------------------------------------------

Report RTL Partitions: 
+-+--------------+------------+----------+
| |RTL Partition |Replication |Instances |
+-+--------------+------------+----------+
+-+--------------+------------+----------+
---------------------------------------------------------------------------------
Start Applying XDC Timing Constraints
---------------------------------------------------------------------------------
---------------------------------------------------------------------------------
Finished Applying XDC Timing Constraints : Time (s): cpu = 00:00:23 ; elapsed = 00:00:50 . Memory (MB): peak = 879.754 ; gain = 507.902
---------------------------------------------------------------------------------
---------------------------------------------------------------------------------
Start Timing Optimization
---------------------------------------------------------------------------------
---------------------------------------------------------------------------------
Finished Timing Optimization : Time (s): cpu = 00:00:24 ; elapsed = 00:00:50 . Memory (MB): peak = 880.648 ; gain = 508.797
---------------------------------------------------------------------------------

Report RTL Partitions: 
+-+--------------+------------+----------+
| |RTL Partition |Replication |Instances |
+-+--------------+------------+----------+
+-+--------------+------------+----------+
---------------------------------------------------------------------------------
Start Technology Mapping
---------------------------------------------------------------------------------
---------------------------------------------------------------------------------
Finished Technology Mapping : Time (s): cpu = 00:00:24 ; elapsed = 00:00:50 . Memory (MB): peak = 901.824 ; gain = 529.973
---------------------------------------------------------------------------------

Report RTL Partitions: 
+-+--------------+------------+----------+
| |RTL Partition |Replication |Instances |
+-+--------------+------------+----------+
+-+--------------+------------+----------+
---------------------------------------------------------------------------------
Start IO Insertion
---------------------------------------------------------------------------------
---------------------------------------------------------------------------------
Start Flattening Before IO Insertion
---------------------------------------------------------------------------------
---------------------------------------------------------------------------------
Finished Flattening Before IO Insertion
---------------------------------------------------------------------------------
---------------------------------------------------------------------------------
Start Final Netlist Cleanup
---------------------------------------------------------------------------------
---------------------------------------------------------------------------------
Finished Final Netlist Cleanup
---------------------------------------------------------------------------------
---------------------------------------------------------------------------------
Finished IO Insertion : Time (s): cpu = 00:00:25 ; elapsed = 00:00:52 . Memory (MB): peak = 901.824 ; gain = 529.973
---------------------------------------------------------------------------------

Report Check Netlist: 
+------+------------------+-------+---------+-------+------------------+
|      |Item              |Errors |Warnings |Status |Description       |
+------+------------------+-------+---------+-------+------------------+
|1     |multi_driven_nets |      0|        0|Passed |Multi driven nets |
+------+------------------+-------+---------+-------+------------------+
---------------------------------------------------------------------------------
Start Renaming Generated Instances
---------------------------------------------------------------------------------
---------------------------------------------------------------------------------
Finished Renaming Generated Instances : Time (s): cpu = 00:00:25 ; elapsed = 00:00:52 . Memory (MB): peak = 901.824 ; gain = 529.973
---------------------------------------------------------------------------------

Report RTL Partitions: 
+-+--------------+------------+----------+
| |RTL Partition |Replication |Instances |
+-+--------------+------------+----------+
+-+--------------+------------+----------+
---------------------------------------------------------------------------------
Start Rebuilding User Hierarchy
---------------------------------------------------------------------------------
---------------------------------------------------------------------------------
Finished Rebuilding User Hierarchy : Time (s): cpu = 00:00:25 ; elapsed = 00:00:52 . Memory (MB): peak = 901.824 ; gain = 529.973
---------------------------------------------------------------------------------
---------------------------------------------------------------------------------
Start Renaming Generated Ports
---------------------------------------------------------------------------------
---------------------------------------------------------------------------------
Finished Renaming Generated Ports : Time (s): cpu = 00:00:25 ; elapsed = 00:00:52 . Memory (MB): peak = 901.824 ; gain = 529.973
---------------------------------------------------------------------------------
---------------------------------------------------------------------------------
Start Handling Custom Attributes
---------------------------------------------------------------------------------
---------------------------------------------------------------------------------
Finished Handling Custom Attributes : Time (s): cpu = 00:00:25 ; elapsed = 00:00:52 . Memory (MB): peak = 901.824 ; gain = 529.973
---------------------------------------------------------------------------------
---------------------------------------------------------------------------------
Start Renaming Generated Nets
---------------------------------------------------------------------------------
---------------------------------------------------------------------------------
Finished Renaming Generated Nets : Time (s): cpu = 00:00:25 ; elapsed = 00:00:52 . Memory (MB): peak = 901.824 ; gain = 529.973
---------------------------------------------------------------------------------
---------------------------------------------------------------------------------
Start Writing Synthesis Report
---------------------------------------------------------------------------------

Report BlackBoxes: 
+-+--------------+----------+
| |BlackBox name |Instances |
+-+--------------+----------+
+-+--------------+----------+

Report Cell Usage: 
+------+-------+------+
|      |Cell   |Count |
+------+-------+------+
|1     |CARRY4 |    68|
|2     |LUT1   |     1|
|3     |LUT2   |   193|
|4     |LUT3   |   198|
|5     |LUT4   |   117|
|6     |LUT5   |    32|
|7     |LUT6   |   156|
|8     |MUXF7  |    24|
|9     |FDCE   |   204|
|10    |FDRE   |   302|
|11    |FDSE   |     1|
+------+-------+------+

Report Instance Areas: 
+------+---------------------------------+------------------------+------+
|      |Instance                         |Module                  |Cells |
+------+---------------------------------+------------------------+------+
|1     |top                              |                        |  1296|
|2     |  inst                           |nwd_acc_ip_v1_0         |  1296|
|3     |    nwd_acc_ip_v1_0_S00_AXI_inst |nwd_acc_ip_v1_0_S00_AXI |  1287|
|4     |      u_parallel_nwd             |parallel_nwd            |   849|
|5     |        \gen_units[0].u_nwd      |odejmowanie             |   225|
|6     |        \gen_units[1].u_nwd      |odejmowanie_0           |   200|
|7     |        \gen_units[2].u_nwd      |odejmowanie_1           |   201|
|8     |        \gen_units[3].u_nwd      |odejmowanie_2           |   223|
+------+---------------------------------+------------------------+------+
---------------------------------------------------------------------------------
Finished Writing Synthesis Report : Time (s): cpu = 00:00:25 ; elapsed = 00:00:52 . Memory (MB): peak = 901.824 ; gain = 529.973
---------------------------------------------------------------------------------
Synthesis finished with 0 errors, 0 critical warnings and 6 warnings.
Synthesis Optimization Runtime : Time (s): cpu = 00:00:14 ; elapsed = 00:00:40 . Memory (MB): peak = 901.824 ; gain = 178.676
Synthesis Optimization Complete : Time (s): cpu = 00:00:25 ; elapsed = 00:00:52 . Memory (MB): peak = 901.824 ; gain = 529.973
INFO: [Project 1-571] Translating synthesized netlist
INFO: [Netlist 29-17] Analyzing 92 Unisim elements for replacement
INFO: [Netlist 29-28] Unisim Transformation completed in 0 CPU seconds
INFO: [Project 1-570] Preparing netlist for logic optimization
INFO: [Opt 31-138] Pushed 0 inverter(s) to 0 load pin(s).
Netlist sorting complete. Time (s): cpu = 00:00:00 ; elapsed = 00:00:00.001 . Memory (MB): peak = 906.070 ; gain = 0.000
INFO: [Project 1-111] Unisim Transformation Summary:
No Unisim elements were transformed.

INFO: [Common 17-83] Releasing license: Synthesis
31 Infos, 13 Warnings, 0 Critical Warnings and 0 Errors encountered.
synth_design completed successfully
synth_design: Time (s): cpu = 00:00:27 ; elapsed = 00:00:55 . Memory (MB): peak = 906.070 ; gain = 545.703
Netlist sorting complete. Time (s): cpu = 00:00:00 ; elapsed = 00:00:00 . Memory (MB): peak = 906.070 ; gain = 0.000
WARNING: [Constraints 18-5210] No constraints selected for write.
Resolution: This message can indicate that there are no constraints for the design, or it can indicate that the used_in flags are set such that the constraints are ignored. This later case is used when running synth_design to not write synthesis constraints to the resulting checkpoint. Instead, project constraints are read when the synthesized design is opened.
INFO: [Common 17-1381] The checkpoint 'C:/Users/tomas/Desktop/nwd_acc/nwd_acc.runs/nwd_acc_design_nwd_acc_ip_0_0_synth_1/nwd_acc_design_nwd_acc_ip_0_0.dcp' has been generated.
INFO: [Coretcl 2-1648] Added synthesis output to IP cache for IP nwd_acc_design_nwd_acc_ip_0_0, cache-ID = 1d69d6dd6687f1df
INFO: [Coretcl 2-1174] Renamed 7 cell refs.
Netlist sorting complete. Time (s): cpu = 00:00:00 ; elapsed = 00:00:00.001 . Memory (MB): peak = 906.070 ; gain = 0.000
WARNING: [Constraints 18-5210] No constraints selected for write.
Resolution: This message can indicate that there are no constraints for the design, or it can indicate that the used_in flags are set such that the constraints are ignored. This later case is used when running synth_design to not write synthesis constraints to the resulting checkpoint. Instead, project constraints are read when the synthesized design is opened.
INFO: [Common 17-1381] The checkpoint 'C:/Users/tomas/Desktop/nwd_acc/nwd_acc.runs/nwd_acc_design_nwd_acc_ip_0_0_synth_1/nwd_acc_design_nwd_acc_ip_0_0.dcp' has been generated.
INFO: [runtcl-4] Executing : report_utilization -file nwd_acc_design_nwd_acc_ip_0_0_utilization_synth.rpt -pb nwd_acc_design_nwd_acc_ip_0_0_utilization_synth.pb
INFO: [Common 17-206] Exiting Vivado at Thu Jun 18 22:20:08 2026...
