22:00:42 INFO  : Registering command handlers for SDK TCF services
22:00:46 INFO  : Launching XSCT server: xsct.bat -interactive C:\Users\tomas\Desktop\nwd_acc\nwd_acc.sdk\temp_xsdb_launch_script.tcl
22:01:00 INFO  : XSCT server has started successfully.
22:01:03 INFO  : Processing command line option -hwspec C:/Users/tomas/Desktop/nwd_acc/nwd_acc.sdk/nwd_acc_design_wrapper.hdf.
22:01:03 INFO  : Successfully done setting XSCT server connection channel  
22:01:03 INFO  : Successfully done setting SDK workspace  
22:06:38 INFO  : Connected to target on host '127.0.0.1' and port '3121'.
22:06:38 INFO  : 'targets -set -filter {jtag_cable_name =~ "Digilent Zed 210248471521" && level==0} -index 1' command is executed.
22:06:41 INFO  : FPGA configured successfully with bitstream "C:/Users/tomas/Desktop/nwd_acc/nwd_acc.sdk/nwd_acc_design_wrapper_hw_platform_0/nwd_acc_design_wrapper.bit"
22:07:03 INFO  : 'targets -set -filter {jtag_cable_name =~ "Digilent Zed 210248471521" && level==0} -index 1' command is executed.
22:07:03 INFO  : 'fpga -state' command is executed.
22:07:03 INFO  : Connected to target on host '127.0.0.1' and port '3121'.
22:07:04 INFO  : Jtag cable 'Digilent Zed 210248471521' is selected.
22:07:04 INFO  : 'jtag frequency' command is executed.
22:07:04 INFO  : Sourcing of 'C:/Users/tomas/Desktop/nwd_acc/nwd_acc.sdk/nwd_acc_design_wrapper_hw_platform_0/ps7_init.tcl' is done.
22:07:05 INFO  : Context for 'APU' is selected.
22:07:05 INFO  : Hardware design information is loaded from 'C:/Users/tomas/Desktop/nwd_acc/nwd_acc.sdk/nwd_acc_design_wrapper_hw_platform_0/system.hdf'.
22:07:05 INFO  : 'configparams force-mem-access 1' command is executed.
22:07:05 INFO  : Context for 'APU' is selected.
22:07:05 INFO  : 'stop' command is executed.
22:07:06 INFO  : 'ps7_init' command is executed.
22:07:06 INFO  : 'ps7_post_config' command is executed.
22:07:06 INFO  : Context for processor 'ps7_cortexa9_0' is selected.
22:07:06 INFO  : Processor reset is completed for 'ps7_cortexa9_0'.
22:07:06 INFO  : Context for processor 'ps7_cortexa9_0' is selected.
22:07:07 INFO  : The application 'C:/Users/tomas/Desktop/nwd_acc/nwd_acc.sdk/nwd_acc_app/Debug/nwd_acc_app.elf' is downloaded to processor 'ps7_cortexa9_0'.
22:07:07 INFO  : 'configparams force-mem-access 0' command is executed.
22:07:07 INFO  : ----------------XSDB Script----------------
connect -url tcp:127.0.0.1:3121
source C:/Users/tomas/Desktop/nwd_acc/nwd_acc.sdk/nwd_acc_design_wrapper_hw_platform_0/ps7_init.tcl
targets -set -nocase -filter {name =~"APU*" && jtag_cable_name =~ "Digilent Zed 210248471521"} -index 0
loadhw -hw C:/Users/tomas/Desktop/nwd_acc/nwd_acc.sdk/nwd_acc_design_wrapper_hw_platform_0/system.hdf -mem-ranges [list {0x40000000 0xbfffffff}]
configparams force-mem-access 1
targets -set -nocase -filter {name =~"APU*" && jtag_cable_name =~ "Digilent Zed 210248471521"} -index 0
stop
ps7_init
ps7_post_config
targets -set -nocase -filter {name =~ "ARM*#0" && jtag_cable_name =~ "Digilent Zed 210248471521"} -index 0
rst -processor
targets -set -nocase -filter {name =~ "ARM*#0" && jtag_cable_name =~ "Digilent Zed 210248471521"} -index 0
dow C:/Users/tomas/Desktop/nwd_acc/nwd_acc.sdk/nwd_acc_app/Debug/nwd_acc_app.elf
configparams force-mem-access 0
----------------End of Script----------------

22:07:07 INFO  : Memory regions updated for context APU
22:07:07 INFO  : Context for processor 'ps7_cortexa9_0' is selected.
22:07:07 INFO  : 'con' command is executed.
22:07:07 INFO  : ----------------XSDB Script (After Launch)----------------
targets -set -nocase -filter {name =~ "ARM*#0" && jtag_cable_name =~ "Digilent Zed 210248471521"} -index 0
con
----------------End of Script----------------

22:07:07 INFO  : Launch script is exported to file 'C:\Users\tomas\Desktop\nwd_acc\nwd_acc.sdk\.sdk\launch_scripts\xilinx_c-c++_application_(system_debugger)\system_debugger_using_debug_nwd_acc_app.elf_on_local.tcl'
22:13:18 INFO  : Disconnected from the channel tcfchan#1.
22:26:46 INFO  : Registering command handlers for SDK TCF services
22:26:47 INFO  : Launching XSCT server: xsct.bat -interactive C:\Users\tomas\Desktop\nwd_acc\nwd_acc.sdk\temp_xsdb_launch_script.tcl
22:26:52 INFO  : XSCT server has started successfully.
22:26:53 INFO  : Successfully done setting XSCT server connection channel  
22:26:53 INFO  : Successfully done setting SDK workspace  
22:26:53 INFO  : Processing command line option -hwspec C:/Users/tomas/Desktop/nwd_acc/nwd_acc.sdk/nwd_acc_design_wrapper.hdf.
22:26:53 INFO  : Checking for hwspec changes in the project nwd_acc_design_wrapper_hw_platform_0.
22:26:58 INFO  : SDK has detected change in the last modified timestamps for source hardware specification file Source:1781814217759,  Project:1781812780678
22:26:58 INFO  : The hardware specification for project 'nwd_acc_design_wrapper_hw_platform_0' is different from C:/Users/tomas/Desktop/nwd_acc/nwd_acc.sdk/nwd_acc_design_wrapper.hdf.
22:26:59 INFO  : Copied contents of C:/Users/tomas/Desktop/nwd_acc/nwd_acc.sdk/nwd_acc_design_wrapper.hdf into \nwd_acc_design_wrapper_hw_platform_0\system.hdf.
22:27:04 INFO  : Synchronizing projects in the workspace with the hardware platform specification changes.
22:27:09 INFO  : 
22:27:10 INFO  : Updating hardware inferred compiler options for nwd_acc_app.
22:27:10 INFO  : Clearing existing target manager status.
22:29:13 INFO  : Connected to target on host '127.0.0.1' and port '3121'.
22:29:14 INFO  : 'targets -set -filter {jtag_cable_name =~ "Digilent Zed 210248471521" && level==0} -index 1' command is executed.
22:29:16 INFO  : FPGA configured successfully with bitstream "C:/Users/tomas/Desktop/nwd_acc/nwd_acc.sdk/nwd_acc_design_wrapper_hw_platform_0/nwd_acc_design_wrapper.bit"
22:29:25 INFO  : 'targets -set -filter {jtag_cable_name =~ "Digilent Zed 210248471521" && level==0} -index 1' command is executed.
22:29:25 INFO  : 'fpga -state' command is executed.
22:29:25 INFO  : Connected to target on host '127.0.0.1' and port '3121'.
22:29:25 INFO  : Jtag cable 'Digilent Zed 210248471521' is selected.
22:29:25 INFO  : 'jtag frequency' command is executed.
22:29:25 INFO  : Sourcing of 'C:/Users/tomas/Desktop/nwd_acc/nwd_acc.sdk/nwd_acc_design_wrapper_hw_platform_0/ps7_init.tcl' is done.
22:29:25 INFO  : Context for 'APU' is selected.
22:29:26 INFO  : Hardware design information is loaded from 'C:/Users/tomas/Desktop/nwd_acc/nwd_acc.sdk/nwd_acc_design_wrapper_hw_platform_0/system.hdf'.
22:29:26 INFO  : 'configparams force-mem-access 1' command is executed.
22:29:26 INFO  : Context for 'APU' is selected.
22:29:26 INFO  : 'stop' command is executed.
22:29:26 INFO  : 'ps7_init' command is executed.
22:29:26 INFO  : 'ps7_post_config' command is executed.
22:29:26 INFO  : Context for processor 'ps7_cortexa9_0' is selected.
22:29:26 INFO  : Processor reset is completed for 'ps7_cortexa9_0'.
22:29:27 INFO  : Context for processor 'ps7_cortexa9_0' is selected.
22:29:27 INFO  : The application 'C:/Users/tomas/Desktop/nwd_acc/nwd_acc.sdk/nwd_acc_app/Debug/nwd_acc_app.elf' is downloaded to processor 'ps7_cortexa9_0'.
22:29:27 INFO  : 'configparams force-mem-access 0' command is executed.
22:29:27 INFO  : ----------------XSDB Script----------------
connect -url tcp:127.0.0.1:3121
source C:/Users/tomas/Desktop/nwd_acc/nwd_acc.sdk/nwd_acc_design_wrapper_hw_platform_0/ps7_init.tcl
targets -set -nocase -filter {name =~"APU*" && jtag_cable_name =~ "Digilent Zed 210248471521"} -index 0
loadhw -hw C:/Users/tomas/Desktop/nwd_acc/nwd_acc.sdk/nwd_acc_design_wrapper_hw_platform_0/system.hdf -mem-ranges [list {0x40000000 0xbfffffff}]
configparams force-mem-access 1
targets -set -nocase -filter {name =~"APU*" && jtag_cable_name =~ "Digilent Zed 210248471521"} -index 0
stop
ps7_init
ps7_post_config
targets -set -nocase -filter {name =~ "ARM*#0" && jtag_cable_name =~ "Digilent Zed 210248471521"} -index 0
rst -processor
targets -set -nocase -filter {name =~ "ARM*#0" && jtag_cable_name =~ "Digilent Zed 210248471521"} -index 0
dow C:/Users/tomas/Desktop/nwd_acc/nwd_acc.sdk/nwd_acc_app/Debug/nwd_acc_app.elf
configparams force-mem-access 0
----------------End of Script----------------

22:29:27 INFO  : Memory regions updated for context APU
22:29:27 INFO  : Context for processor 'ps7_cortexa9_0' is selected.
22:29:27 INFO  : 'con' command is executed.
22:29:27 INFO  : ----------------XSDB Script (After Launch)----------------
targets -set -nocase -filter {name =~ "ARM*#0" && jtag_cable_name =~ "Digilent Zed 210248471521"} -index 0
con
----------------End of Script----------------

22:29:27 INFO  : Launch script is exported to file 'C:\Users\tomas\Desktop\nwd_acc\nwd_acc.sdk\.sdk\launch_scripts\xilinx_c-c++_application_(system_debugger)\system_debugger_using_debug_nwd_acc_app.elf_on_local.tcl'
22:33:02 INFO  : Connected to target on host '127.0.0.1' and port '3121'.
22:33:02 INFO  : 'targets -set -filter {jtag_cable_name =~ "Digilent Zed 210248471521" && level==0} -index 1' command is executed.
22:33:05 INFO  : FPGA configured successfully with bitstream "C:/Users/tomas/Desktop/nwd_acc/nwd_acc.sdk/nwd_acc_design_wrapper_hw_platform_0/nwd_acc_design_wrapper.bit"
22:33:15 INFO  : Disconnected from the channel tcfchan#1.
22:33:16 INFO  : 'targets -set -filter {jtag_cable_name =~ "Digilent Zed 210248471521" && level==0} -index 1' command is executed.
22:33:16 INFO  : 'fpga -state' command is executed.
22:33:16 INFO  : Connected to target on host '127.0.0.1' and port '3121'.
22:33:17 INFO  : Jtag cable 'Digilent Zed 210248471521' is selected.
22:33:17 INFO  : 'jtag frequency' command is executed.
22:33:17 INFO  : Sourcing of 'C:/Users/tomas/Desktop/nwd_acc/nwd_acc.sdk/nwd_acc_design_wrapper_hw_platform_0/ps7_init.tcl' is done.
22:33:17 INFO  : Context for 'APU' is selected.
22:33:20 INFO  : Hardware design information is loaded from 'C:/Users/tomas/Desktop/nwd_acc/nwd_acc.sdk/nwd_acc_design_wrapper_hw_platform_0/system.hdf'.
22:33:20 INFO  : 'configparams force-mem-access 1' command is executed.
22:33:20 INFO  : Context for 'APU' is selected.
22:33:20 INFO  : 'stop' command is executed.
22:33:21 INFO  : 'ps7_init' command is executed.
22:33:21 INFO  : 'ps7_post_config' command is executed.
22:33:21 INFO  : Context for processor 'ps7_cortexa9_0' is selected.
22:33:21 INFO  : Processor reset is completed for 'ps7_cortexa9_0'.
22:33:21 INFO  : Context for processor 'ps7_cortexa9_0' is selected.
22:33:21 INFO  : The application 'C:/Users/tomas/Desktop/nwd_acc/nwd_acc.sdk/nwd_acc_app/Debug/nwd_acc_app.elf' is downloaded to processor 'ps7_cortexa9_0'.
22:33:21 INFO  : 'configparams force-mem-access 0' command is executed.
22:33:21 INFO  : ----------------XSDB Script----------------
connect -url tcp:127.0.0.1:3121
source C:/Users/tomas/Desktop/nwd_acc/nwd_acc.sdk/nwd_acc_design_wrapper_hw_platform_0/ps7_init.tcl
targets -set -nocase -filter {name =~"APU*" && jtag_cable_name =~ "Digilent Zed 210248471521"} -index 0
loadhw -hw C:/Users/tomas/Desktop/nwd_acc/nwd_acc.sdk/nwd_acc_design_wrapper_hw_platform_0/system.hdf -mem-ranges [list {0x40000000 0xbfffffff}]
configparams force-mem-access 1
targets -set -nocase -filter {name =~"APU*" && jtag_cable_name =~ "Digilent Zed 210248471521"} -index 0
stop
ps7_init
ps7_post_config
targets -set -nocase -filter {name =~ "ARM*#0" && jtag_cable_name =~ "Digilent Zed 210248471521"} -index 0
rst -processor
targets -set -nocase -filter {name =~ "ARM*#0" && jtag_cable_name =~ "Digilent Zed 210248471521"} -index 0
dow C:/Users/tomas/Desktop/nwd_acc/nwd_acc.sdk/nwd_acc_app/Debug/nwd_acc_app.elf
configparams force-mem-access 0
----------------End of Script----------------

22:33:21 INFO  : Memory regions updated for context APU
22:33:21 INFO  : Context for processor 'ps7_cortexa9_0' is selected.
22:33:21 INFO  : 'con' command is executed.
22:33:21 INFO  : ----------------XSDB Script (After Launch)----------------
targets -set -nocase -filter {name =~ "ARM*#0" && jtag_cable_name =~ "Digilent Zed 210248471521"} -index 0
con
----------------End of Script----------------

22:33:21 INFO  : Launch script is exported to file 'C:\Users\tomas\Desktop\nwd_acc\nwd_acc.sdk\.sdk\launch_scripts\xilinx_c-c++_application_(system_debugger)\system_debugger_using_debug_nwd_acc_app.elf_on_local.tcl'
22:38:33 INFO  : Disconnected from the channel tcfchan#2.
